<?xml version="1.0" encoding="UTF-8"?>
<!-- Generated by org.testng.reporters.JUnitXMLReporter -->
<testsuite ignored="0" hostname="SAKSOFT099PDC" failures="0" tests="3" name="Default test" time="21.124" errors="0" timestamp="08 Nov 2020 11:00:47 GMT">
  <testcase classname="com.selenium.datadriven.DataDriven_DataProvider" name="fdAmount" time="5.771"/>
  <testcase classname="com.selenium.datadriven.DataDriven_DataProvider" name="fdAmount" time="4.21"/>
  <testcase classname="com.selenium.datadriven.DataDriven_DataProvider" name="fdAmount" time="4.734"/>
</testsuite> <!-- Default test -->
