<?xml version="1.0" encoding="UTF-8"?>
<!-- Generated by org.testng.reporters.JUnitXMLReporter -->
<testsuite ignored="0" hostname="SAKSOFT099PDC" failures="0" tests="4" name="Test Cases for BrowserCode" time="37.885" errors="0" timestamp="01 Nov 2020 03:20:45 GMT">
  <testcase classname="com.selenium.testng.BrowserCode" name="chrome" time="9.949"/>
  <testcase classname="com.selenium.testng.BrowserCode" name="firefox" time="9.584"/>
  <testcase classname="com.selenium.testng.BrowserCode" name="edge" time="8.57"/>
  <testcase classname="com.selenium.testng.BrowserCode" name="opera" time="9.72"/>
</testsuite> <!-- Test Cases for BrowserCode -->
