<?xml version="1.0" encoding="UTF-8"?>
<!-- Generated by org.testng.reporters.JUnitXMLReporter -->
<testsuite ignored="0" hostname="SAKSOFT099PDC" failures="0" tests="2" name="Test Cases for fixed deposit test" time="16.13" errors="0" timestamp="07 Nov 2020 11:27:00 GMT">
  <testcase classname="com.selenium.keyworddriven.FDTestCase" name="fdAmount1" time="7.67"/>
  <testcase classname="com.selenium.keyworddriven.FDTestCase" name="fdAmount2" time="2.542"/>
</testsuite> <!-- Test Cases for fixed deposit test -->
