<?xml version="1.0" encoding="UTF-8"?>
<!-- Generated by org.testng.reporters.JUnitXMLReporter -->
<testsuite ignored="0" hostname="SAKSOFT099PDC" failures="0" tests="2" name="Test Cases for DependOn" time="11.813" errors="0" timestamp="01 Nov 2020 03:20:19 GMT">
  <testcase classname="com.selenium.testng.LoginTC_DependOn" name="loginTestUser" time="2.983"/>
  <testcase classname="com.selenium.testng.LoginTC_DependOn" name="logoutTestUser" time="1.986"/>
</testsuite> <!-- Test Cases for DependOn -->
