<?xml version="1.0" encoding="UTF-8"?>
<!-- Generated by org.testng.reporters.JUnitXMLReporter -->
<testsuite ignored="0" hostname="SAKSOFT099PDC" failures="0" tests="2" name="Test Cases for Login functionality" time="15.269" errors="0" timestamp="01 Nov 2020 03:20:23 GMT">
  <testcase classname="com.selenium.testng.LoginTC" name="loginTestUser" time="5.722"/>
  <testcase classname="com.selenium.testng.LoginTC" name="loginAdmin" time="2.24"/>
</testsuite> <!-- Test Cases for Login functionality -->
