<?xml version="1.0" encoding="UTF-8"?>
<testng-results ignored="0" total="3" passed="3" failed="0" skipped="0">
  <reporter-output>
  </reporter-output>
  <suite started-at="2020-11-08T11:00:25Z" name="Default suite" finished-at="2020-11-08T11:00:47Z" duration-ms="21124">
    <groups>
    </groups>
    <test started-at="2020-11-08T11:00:25Z" name="Default test" finished-at="2020-11-08T11:00:47Z" duration-ms="21124">
      <class name="com.selenium.datadriven.DataDriven_DataProvider">
        <test-method is-config="true" signature="beforeTest()[pri:0, instance:com.selenium.datadriven.DataDriven_DataProvider@6ff29830]" started-at="2020-11-08T11:00:25Z" name="beforeTest" finished-at="2020-11-08T11:00:30Z" duration-ms="4892" status="PASS">
          <reporter-output>
          </reporter-output>
        </test-method> <!-- beforeTest -->
        <test-method signature="fdAmount(java.lang.String, java.lang.String, java.lang.String, java.lang.String)[pri:0, instance:com.selenium.datadriven.DataDriven_DataProvider@6ff29830]" started-at="2020-11-08T11:00:30Z" name="fdAmount" data-provider="dp" finished-at="2020-11-08T11:00:36Z" duration-ms="5771" status="PASS">
          <params>
            <param index="0">
              <value>
                <![CDATA[2000]]>
              </value>
            </param>
            <param index="1">
              <value>
                <![CDATA[10]]>
              </value>
            </param>
            <param index="2">
              <value>
                <![CDATA[3]]>
              </value>
            </param>
            <param index="3">
              <value>
                <![CDATA[Simple Interest]]>
              </value>
            </param>
          </params>
          <reporter-output>
          </reporter-output>
        </test-method> <!-- fdAmount -->
        <test-method signature="fdAmount(java.lang.String, java.lang.String, java.lang.String, java.lang.String)[pri:0, instance:com.selenium.datadriven.DataDriven_DataProvider@6ff29830]" started-at="2020-11-08T11:00:36Z" name="fdAmount" data-provider="dp" finished-at="2020-11-08T11:00:40Z" duration-ms="4210" status="PASS">
          <params>
            <param index="0">
              <value>
                <![CDATA[3000]]>
              </value>
            </param>
            <param index="1">
              <value>
                <![CDATA[8]]>
              </value>
            </param>
            <param index="2">
              <value>
                <![CDATA[2]]>
              </value>
            </param>
            <param index="3">
              <value>
                <![CDATA[Simple Interest]]>
              </value>
            </param>
          </params>
          <reporter-output>
          </reporter-output>
        </test-method> <!-- fdAmount -->
        <test-method signature="fdAmount(java.lang.String, java.lang.String, java.lang.String, java.lang.String)[pri:0, instance:com.selenium.datadriven.DataDriven_DataProvider@6ff29830]" started-at="2020-11-08T11:00:40Z" name="fdAmount" data-provider="dp" finished-at="2020-11-08T11:00:45Z" duration-ms="4734" status="PASS">
          <params>
            <param index="0">
              <value>
                <![CDATA[4000]]>
              </value>
            </param>
            <param index="1">
              <value>
                <![CDATA[12]]>
              </value>
            </param>
            <param index="2">
              <value>
                <![CDATA[4]]>
              </value>
            </param>
            <param index="3">
              <value>
                <![CDATA[Simple Interest]]>
              </value>
            </param>
          </params>
          <reporter-output>
          </reporter-output>
        </test-method> <!-- fdAmount -->
        <test-method is-config="true" signature="afterTest()[pri:0, instance:com.selenium.datadriven.DataDriven_DataProvider@6ff29830]" started-at="2020-11-08T11:00:45Z" name="afterTest" finished-at="2020-11-08T11:00:47Z" duration-ms="1484" status="PASS">
          <reporter-output>
          </reporter-output>
        </test-method> <!-- afterTest -->
      </class> <!-- com.selenium.datadriven.DataDriven_DataProvider -->
    </test> <!-- Default test -->
  </suite> <!-- Default suite -->
</testng-results>
